<?xml version="1.0" encoding="UTF-8"?>
<!-- Generated by org.testng.reporters.JUnitXMLReporter -->
<testsuite hostname="SVRODK00069" ignored="0" name="Command line test" tests="17" failures="4" timestamp="27 Jul 2018 11:40:18 GMT" time="14.38" errors="0">
  <testcase name="noAuthenticationTest" time="1.473" classname="api.AutenticatTest"/>
  <testcase name="successAuthenticationTest" time="0.477" classname="api.AutenticatTest"/>
  <testcase name="methodCreateUserTest" time="0.685" classname="api.CreateUserTest"/>
  <testcase name="methodCreateUserTest" time="0.522" classname="api.CreateUserTest"/>
  <testcase name="methodCreateUserTest" time="0.523" classname="api.CreateUserTest"/>
  <testcase name="methodCreateUserTest" time="0.341" classname="api.CreateUserTest"/>
  <testcase name="methodCreateUserTest" time="0.419" classname="api.CreateUserTest"/>
  <testcase name="methodCreateUserTest" time="0.646" classname="api.CreateUserTest">
    <failure type="java.lang.AssertionError" message="expected [400] but found [201]">
      <![CDATA[java.lang.AssertionError: expected [400] but found [201]
	at api.CreateUserTest.methodCreateUserTest(CreateUserTest.java:28)
... Removed 41 stack frames]]>
    </failure>
  </testcase> <!-- methodCreateUserTest -->
  <testcase name="methodCreateUserTest" time="0.364" classname="api.CreateUserTest"/>
  <testcase name="methodCreateUserTest" time="0.34" classname="api.CreateUserTest">
    <failure type="java.lang.AssertionError" message="expected [400] but found [201]">
      <![CDATA[java.lang.AssertionError: expected [400] but found [201]
	at api.CreateUserTest.methodCreateUserTest(CreateUserTest.java:28)
... Removed 41 stack frames]]>
    </failure>
  </testcase> <!-- methodCreateUserTest -->
  <testcase name="methodCreateUserTest" time="0.544" classname="api.CreateUserTest">
    <failure type="java.lang.AssertionError" message="expected [400] but found [201]">
      <![CDATA[java.lang.AssertionError: expected [400] but found [201]
	at api.CreateUserTest.methodCreateUserTest(CreateUserTest.java:28)
... Removed 41 stack frames]]>
    </failure>
  </testcase> <!-- methodCreateUserTest -->
  <testcase name="methodCreateUserTest" time="0.523" classname="api.CreateUserTest">
    <failure type="java.lang.AssertionError" message="expected [400] but found [201]">
      <![CDATA[java.lang.AssertionError: expected [400] but found [201]
	at api.CreateUserTest.methodCreateUserTest(CreateUserTest.java:28)
... Removed 41 stack frames]]>
    </failure>
  </testcase> <!-- methodCreateUserTest -->
  <testcase name="getAllUsersIdEach" time="5.25" classname="api.GetUsers"/>
  <testcase name="getUsersRestAssuredTest" time="0.368" classname="api.GetUsers"/>
  <testcase name="getUsersTest" time="1.181" classname="api.GetUsers"/>
  <testcase name="getUsersTestNGTest" time="0.312" classname="api.GetUsers"/>
  <testcase name="postUserTest" time="0.372" classname="api.PostUsers"/>
</testsuite> <!-- Command line test -->
